[debug] [2021-03-17T19:01:49.194Z] ----------------------------------------------------------------------
[debug] [2021-03-17T19:01:49.195Z] Command:       /snap/node/3292/bin/node /home/yitz/Documents/Development/npm/global/bin/firebase emulators:start --only functions
[debug] [2021-03-17T19:01:49.195Z] CLI Version:   9.0.1
[debug] [2021-03-17T19:01:49.196Z] Platform:      linux
[debug] [2021-03-17T19:01:49.196Z] Node Version:  v12.19.0
[debug] [2021-03-17T19:01:49.221Z] Time:          Wed Mar 17 2021 21:01:49 GMT+0200 (Israel Standard Time)
[debug] [2021-03-17T19:01:49.221Z] ----------------------------------------------------------------------
[debug] [2021-03-17T19:01:49.221Z] 
[debug] [2021-03-17T19:01:49.227Z] > command requires scopes: ["email","openid","https://www.googleapis.com/auth/cloudplatformprojects.readonly","https://www.googleapis.com/auth/firebase","https://www.googleapis.com/auth/cloud-platform"]
[debug] [2021-03-17T19:01:49.227Z] > authorizing via signed-in user
[info] i  emulators: Starting emulators: functions {"metadata":{"emulator":{"name":"hub"},"message":"Starting emulators: functions"}}
[debug] [2021-03-17T19:01:49.241Z] [hub] writing locator at /tmp/hub-csfpd-da7e7.json
[warn] ⚠  functions: The following emulators are not running, calls to these services from the Functions emulator will affect production: auth, firestore, database, hosting, pubsub {"metadata":{"emulator":{"name":"functions"},"message":"The following emulators are not running, calls to these services from the Functions emulator will affect production: \u001b[1mauth, firestore, database, hosting, pubsub\u001b[22m"}}
[info] ✔  functions: Using node@12 from host. {"metadata":{"emulator":{"name":"functions"},"message":"Using node@12 from host."}}
[debug] [2021-03-17T19:01:49.259Z] defaultcredentials: writing to file /home/yitz/.config/firebase/s_y.schwarz_gmail.com_application_default_credentials.json
[debug] [2021-03-17T19:01:49.260Z] Setting GAC to /home/yitz/.config/firebase/s_y.schwarz_gmail.com_application_default_credentials.json {"metadata":{"emulator":{"name":"functions"},"message":"Setting GAC to /home/yitz/.config/firebase/s_y.schwarz_gmail.com_application_default_credentials.json"}}
[debug] [2021-03-17T19:01:49.266Z] Ignoring unsupported arg: auto_download {"metadata":{"emulator":{"name":"ui"},"message":"Ignoring unsupported arg: auto_download"}}
[debug] [2021-03-17T19:01:49.266Z] Ignoring unsupported arg: port {"metadata":{"emulator":{"name":"ui"},"message":"Ignoring unsupported arg: port"}}
[debug] [2021-03-17T19:01:49.266Z] Starting Emulator UI with command {"binary":"node","args":["/home/yitz/.cache/firebase/emulators/ui-v1.4.0/server.bundle.js"],"optionalArgs":[],"joinArgs":false} {"metadata":{"emulator":{"name":"ui"},"message":"Starting Emulator UI with command {\"binary\":\"node\",\"args\":[\"/home/yitz/.cache/firebase/emulators/ui-v1.4.0/server.bundle.js\"],\"optionalArgs\":[],\"joinArgs\":false}"}}
[info] i  ui: Emulator UI logging to ui-debug.log {"metadata":{"emulator":{"name":"ui"},"message":"Emulator UI logging to \u001b[1mui-debug.log\u001b[22m"}}
[info] i  functions: Watching "/home/yitz/Documents/Azrieli/Final Project/Computerized Secretary for Doctors/App/web/functions" for Cloud Functions... {"metadata":{"emulator":{"name":"functions"},"message":"Watching \"/home/yitz/Documents/Azrieli/Final Project/Computerized Secretary for Doctors/App/web/functions\" for Cloud Functions..."}}
[debug] [2021-03-17T19:01:49.564Z] [worker-pool] addWorker(~diagnostic~) {"metadata":{"emulator":{"name":"functions"},"message":"[worker-pool] addWorker(~diagnostic~)"}}
[debug] [2021-03-17T19:01:49.565Z] [worker-pool] Adding worker with key ~diagnostic~, total=1 {"metadata":{"emulator":{"name":"functions"},"message":"[worker-pool] Adding worker with key ~diagnostic~, total=1"}}
[debug] [2021-03-17T19:01:49.565Z] [worker-pool] submitWork(triggerId=) {"metadata":{"emulator":{"name":"functions"},"message":"[worker-pool] submitWork(triggerId=)"}}
[debug] [2021-03-17T19:01:49.567Z] [worker-~diagnostic~-29bd8e0d-d98d-4e82-a9a8-985ba75987f2]: Assigning socketPath: /tmp/fire_emu_6601.sock {"metadata":{"emulator":{"name":"functions"},"message":"[worker-~diagnostic~-29bd8e0d-d98d-4e82-a9a8-985ba75987f2]: Assigning socketPath: /tmp/fire_emu_6601.sock"}}
[debug] [2021-03-17T19:01:49.567Z] [worker-~diagnostic~-29bd8e0d-d98d-4e82-a9a8-985ba75987f2]: BUSY {"metadata":{"emulator":{"name":"functions"},"message":"[worker-~diagnostic~-29bd8e0d-d98d-4e82-a9a8-985ba75987f2]: BUSY"}}
[debug] [2021-03-17T19:01:49.682Z] [runtime-status] [6601] Functions runtime initialized. {"cwd":"/home/yitz/Documents/Azrieli/Final Project/Computerized Secretary for Doctors/App/web/functions","node_version":"12.19.0"} {"metadata":{"emulator":{"name":"functions"},"message":"[runtime-status] [6601] Functions runtime initialized. {\"cwd\":\"/home/yitz/Documents/Azrieli/Final Project/Computerized Secretary for Doctors/App/web/functions\",\"node_version\":\"12.19.0\"}"}}
[debug] [2021-03-17T19:01:49.683Z] [runtime-status] [6601] Disabled runtime features: undefined {"metadata":{"emulator":{"name":"functions"},"message":"[runtime-status] [6601] Disabled runtime features: undefined"}}
[debug] [2021-03-17T19:01:49.686Z] [runtime-status] [6601] Resolved module firebase-admin {"declared":true,"installed":true,"version":"9.4.2","resolution":"/home/yitz/Documents/Azrieli/Final Project/Computerized Secretary for Doctors/App/web/functions/node_modules/firebase-admin/lib/index.js"} {"metadata":{"emulator":{"name":"functions"},"message":"[runtime-status] [6601] Resolved module firebase-admin {\"declared\":true,\"installed\":true,\"version\":\"9.4.2\",\"resolution\":\"/home/yitz/Documents/Azrieli/Final Project/Computerized Secretary for Doctors/App/web/functions/node_modules/firebase-admin/lib/index.js\"}"}}
[debug] [2021-03-17T19:01:49.687Z] [runtime-status] [6601] Resolved module firebase-functions {"declared":true,"installed":true,"version":"3.13.0","resolution":"/home/yitz/Documents/Azrieli/Final Project/Computerized Secretary for Doctors/App/web/functions/node_modules/firebase-functions/lib/index.js"} {"metadata":{"emulator":{"name":"functions"},"message":"[runtime-status] [6601] Resolved module firebase-functions {\"declared\":true,\"installed\":true,\"version\":\"3.13.0\",\"resolution\":\"/home/yitz/Documents/Azrieli/Final Project/Computerized Secretary for Doctors/App/web/functions/node_modules/firebase-functions/lib/index.js\"}"}}
[debug] [2021-03-17T19:01:49.688Z] [runtime-status] [6601] Resolved module firebase-functions {"declared":true,"installed":true,"version":"3.13.0","resolution":"/home/yitz/Documents/Azrieli/Final Project/Computerized Secretary for Doctors/App/web/functions/node_modules/firebase-functions/lib/index.js"} {"metadata":{"emulator":{"name":"functions"},"message":"[runtime-status] [6601] Resolved module firebase-functions {\"declared\":true,\"installed\":true,\"version\":\"3.13.0\",\"resolution\":\"/home/yitz/Documents/Azrieli/Final Project/Computerized Secretary for Doctors/App/web/functions/node_modules/firebase-functions/lib/index.js\"}"}}
[debug] [2021-03-17T19:01:49.690Z] [runtime-status] [6601] Outgoing network have been stubbed. [{"name":"http","status":"mocked"},{"name":"http","status":"mocked"},{"name":"https","status":"mocked"},{"name":"https","status":"mocked"},{"name":"net","status":"mocked"}] {"metadata":{"emulator":{"name":"functions"},"message":"[runtime-status] [6601] Outgoing network have been stubbed. [{\"name\":\"http\",\"status\":\"mocked\"},{\"name\":\"http\",\"status\":\"mocked\"},{\"name\":\"https\",\"status\":\"mocked\"},{\"name\":\"https\",\"status\":\"mocked\"},{\"name\":\"net\",\"status\":\"mocked\"}]"}}
[debug] [2021-03-17T19:01:49.690Z] [runtime-status] [6601] Resolved module firebase-functions {"declared":true,"installed":true,"version":"3.13.0","resolution":"/home/yitz/Documents/Azrieli/Final Project/Computerized Secretary for Doctors/App/web/functions/node_modules/firebase-functions/lib/index.js"} {"metadata":{"emulator":{"name":"functions"},"message":"[runtime-status] [6601] Resolved module firebase-functions {\"declared\":true,\"installed\":true,\"version\":\"3.13.0\",\"resolution\":\"/home/yitz/Documents/Azrieli/Final Project/Computerized Secretary for Doctors/App/web/functions/node_modules/firebase-functions/lib/index.js\"}"}}
[debug] [2021-03-17T19:01:49.730Z] [runtime-status] [6601] Checked functions.config() {"config":{}} {"metadata":{"emulator":{"name":"functions"},"message":"[runtime-status] [6601] Checked functions.config() {\"config\":{}}"}}
[debug] [2021-03-17T19:01:49.730Z] [runtime-status] [6601] firebase-functions has been stubbed. {"functionsResolution":{"declared":true,"installed":true,"version":"3.13.0","resolution":"/home/yitz/Documents/Azrieli/Final Project/Computerized Secretary for Doctors/App/web/functions/node_modules/firebase-functions/lib/index.js"}} {"metadata":{"emulator":{"name":"functions"},"message":"[runtime-status] [6601] firebase-functions has been stubbed. {\"functionsResolution\":{\"declared\":true,\"installed\":true,\"version\":\"3.13.0\",\"resolution\":\"/home/yitz/Documents/Azrieli/Final Project/Computerized Secretary for Doctors/App/web/functions/node_modules/firebase-functions/lib/index.js\"}}"}}
[debug] [2021-03-17T19:01:49.730Z] [runtime-status] [6601] Resolved module firebase-functions {"declared":true,"installed":true,"version":"3.13.0","resolution":"/home/yitz/Documents/Azrieli/Final Project/Computerized Secretary for Doctors/App/web/functions/node_modules/firebase-functions/lib/index.js"} {"metadata":{"emulator":{"name":"functions"},"message":"[runtime-status] [6601] Resolved module firebase-functions {\"declared\":true,\"installed\":true,\"version\":\"3.13.0\",\"resolution\":\"/home/yitz/Documents/Azrieli/Final Project/Computerized Secretary for Doctors/App/web/functions/node_modules/firebase-functions/lib/index.js\"}"}}
[debug] [2021-03-17T19:01:49.731Z] [runtime-status] [6601] Resolved module firebase-admin {"declared":true,"installed":true,"version":"9.4.2","resolution":"/home/yitz/Documents/Azrieli/Final Project/Computerized Secretary for Doctors/App/web/functions/node_modules/firebase-admin/lib/index.js"} {"metadata":{"emulator":{"name":"functions"},"message":"[runtime-status] [6601] Resolved module firebase-admin {\"declared\":true,\"installed\":true,\"version\":\"9.4.2\",\"resolution\":\"/home/yitz/Documents/Azrieli/Final Project/Computerized Secretary for Doctors/App/web/functions/node_modules/firebase-admin/lib/index.js\"}"}}
[debug] [2021-03-17T19:01:49.732Z] [runtime-status] [6601] Resolved module firebase-functions {"declared":true,"installed":true,"version":"3.13.0","resolution":"/home/yitz/Documents/Azrieli/Final Project/Computerized Secretary for Doctors/App/web/functions/node_modules/firebase-functions/lib/index.js"} {"metadata":{"emulator":{"name":"functions"},"message":"[runtime-status] [6601] Resolved module firebase-functions {\"declared\":true,\"installed\":true,\"version\":\"3.13.0\",\"resolution\":\"/home/yitz/Documents/Azrieli/Final Project/Computerized Secretary for Doctors/App/web/functions/node_modules/firebase-functions/lib/index.js\"}"}}
[debug] [2021-03-17T19:01:49.732Z] [runtime-status] [6601] firebase-admin has been stubbed. {"adminResolution":{"declared":true,"installed":true,"version":"9.4.2","resolution":"/home/yitz/Documents/Azrieli/Final Project/Computerized Secretary for Doctors/App/web/functions/node_modules/firebase-admin/lib/index.js"}} {"metadata":{"emulator":{"name":"functions"},"message":"[runtime-status] [6601] firebase-admin has been stubbed. {\"adminResolution\":{\"declared\":true,\"installed\":true,\"version\":\"9.4.2\",\"resolution\":\"/home/yitz/Documents/Azrieli/Final Project/Computerized Secretary for Doctors/App/web/functions/node_modules/firebase-admin/lib/index.js\"}}"}}
[debug] [2021-03-17T19:01:49.919Z] [runtime-status] [6601] initializeApp(DEFAULT) {"databaseURL":"https://csfpd-da7e7.firebaseio.com","storageBucket":"csfpd-da7e7.appspot.com","projectId":"csfpd-da7e7"} {"metadata":{"emulator":{"name":"functions"},"message":"[runtime-status] [6601] initializeApp(DEFAULT) {\"databaseURL\":\"https://csfpd-da7e7.firebaseio.com\",\"storageBucket\":\"csfpd-da7e7.appspot.com\",\"projectId\":\"csfpd-da7e7\"}"}}
[warn] ⚠  functions: The Cloud Firestore emulator is not running, so calls to Firestore will affect production. {"metadata":{"emulator":{"name":"functions"},"message":"The Cloud Firestore emulator is not running, so calls to Firestore will affect production."}}
[info] ✔  functions[getDoctor]: http function initialized (http://localhost:5001/csfpd-da7e7/us-central1/getDoctor). {"metadata":{"emulator":{"name":"functions"},"message":"\u001b[1mhttp\u001b[22m function initialized (http://localhost:5001/csfpd-da7e7/us-central1/getDoctor)."}}
[info] ✔  functions[searchDoctors]: http function initialized (http://localhost:5001/csfpd-da7e7/us-central1/searchDoctors). {"metadata":{"emulator":{"name":"functions"},"message":"\u001b[1mhttp\u001b[22m function initialized (http://localhost:5001/csfpd-da7e7/us-central1/searchDoctors)."}}
[info] ✔  functions[getAvailableAppointments]: http function initialized (http://localhost:5001/csfpd-da7e7/us-central1/getAvailableAppointments). {"metadata":{"emulator":{"name":"functions"},"message":"\u001b[1mhttp\u001b[22m function initialized (http://localhost:5001/csfpd-da7e7/us-central1/getAvailableAppointments)."}}
[info] ✔  functions[makeAppointment]: http function initialized (http://localhost:5001/csfpd-da7e7/us-central1/makeAppointment). {"metadata":{"emulator":{"name":"functions"},"message":"\u001b[1mhttp\u001b[22m function initialized (http://localhost:5001/csfpd-da7e7/us-central1/makeAppointment)."}}
[info] ✔  functions[editAppointment]: http function initialized (http://localhost:5001/csfpd-da7e7/us-central1/editAppointment). {"metadata":{"emulator":{"name":"functions"},"message":"\u001b[1mhttp\u001b[22m function initialized (http://localhost:5001/csfpd-da7e7/us-central1/editAppointment)."}}
[info] ✔  functions[cancelAppointment]: http function initialized (http://localhost:5001/csfpd-da7e7/us-central1/cancelAppointment). {"metadata":{"emulator":{"name":"functions"},"message":"\u001b[1mhttp\u001b[22m function initialized (http://localhost:5001/csfpd-da7e7/us-central1/cancelAppointment)."}}
[info] 
┌─────────────────────────────────────────────────────────────┐
│ ✔  All emulators ready! It is now safe to connect your app. │
│ i  View Emulator UI at http://localhost:4000                │
└─────────────────────────────────────────────────────────────┘

┌───────────┬────────────────┬─────────────────────────────────┐
│ Emulator  │ Host:Port      │ View in Emulator UI             │
├───────────┼────────────────┼─────────────────────────────────┤
│ Functions │ localhost:5001 │ http://localhost:4000/functions │
└───────────┴────────────────┴─────────────────────────────────┘
  Emulator Hub running at localhost:4400
  Other reserved ports: 4500

Issues? Report them at https://github.com/firebase/firebase-tools/issues and attach the *-debug.log files.
 
[debug] [2021-03-17T19:01:49.930Z] [worker-~diagnostic~-29bd8e0d-d98d-4e82-a9a8-985ba75987f2]: IDLE {"metadata":{"emulator":{"name":"functions"},"message":"[worker-~diagnostic~-29bd8e0d-d98d-4e82-a9a8-985ba75987f2]: IDLE"}}
